<?xml version="1.0" encoding="UTF-8"?>
<!-- Generated by org.testng.reporters.JUnitReportReporter -->
<testsuite hostname="MARIMUTHU" failures="0" tests="1" name="testcases.TC002_RequirementTest" time="5.027" errors="0" timestamp="2024-12-14T13:35:33 IST" skipped="0">
  <testcase classname="testcases.TC002_RequirementTest" name="verify_recruitment" time="5.027"/>
</testsuite> <!-- testcases.TC002_RequirementTest -->
